<?xml version="1.0" encoding="UTF-8"?>
<!-- Generated by org.testng.reporters.JUnitReportReporter -->
<testsuite hostname="DESKTOP-V2309OA" failures="0" tests="5" name="Runner.LoginRunner" time="171.894" errors="0" timestamp="2021-10-13T11:45:37 IST" skipped="0">
  <testcase classname="Runner.LoginRunner" name="runScenario" time="64.005"/>
  <system-out/>
  <testcase classname="Runner.LoginRunner" name="runScenario" time="15.521"/>
  <system-out/>
  <testcase classname="Runner.LoginRunner" name="runScenario" time="27.784"/>
  <system-out/>
  <testcase classname="Runner.LoginRunner" name="runScenario" time="35.405"/>
  <system-out/>
  <testcase classname="Runner.LoginRunner" name="runScenario" time="29.179"/>
  <system-out/>
</testsuite> <!-- Runner.LoginRunner -->
