<?xml version="1.0" encoding="UTF-8"?>
<!-- Generated by org.testng.reporters.JUnitReportReporter -->
<testsuite hostname="DESKTOP-V2309OA" failures="0" tests="5" name="Runner.AllRunner" time="158.227" errors="0" timestamp="2021-10-13T11:51:08 IST" skipped="0">
  <testcase classname="Runner.AllRunner" name="runScenario" time="17.023"/>
  <system-out/>
  <testcase classname="Runner.AllRunner" name="runScenario" time="48.650"/>
  <system-out/>
  <testcase classname="Runner.AllRunner" name="runScenario" time="31.480"/>
  <system-out/>
  <testcase classname="Runner.AllRunner" name="runScenario" time="33.353"/>
  <system-out/>
  <testcase classname="Runner.AllRunner" name="runScenario" time="27.721"/>
  <system-out/>
</testsuite> <!-- Runner.AllRunner -->
